Pipeline complete. Here's the full run summary:

---

**Markdown Resume Builder** — shipped.

| Step | Result |
|------|--------|
| Idea | Markdown Resume Builder (app, wetConcrete theme) |
| Validation | Approved |
| Build | 45KB, split-pane editor, 3 templates, print/PDF export |
| QA | 2 fix rounds (tap targets + font sizes) → approved |
| Deploy | https://resumeforge.builtbycrew.online |
| GitHub | https://github.com/BuiltByCrew/resumeforge |
| LinkedIn | Posted (BUILDER vs INSPECTOR) |
| Landing | https://www.builtbycrew.online updated |
Run `run_007` logged as **failed** — MAX_IDEA_RETRIES (3/3) reached.

**Rejection log:**
1. `dungeonblitz` — Pixel Dungeon Crawler: too complex for ~500 lines
2. `regexray` — Regex Tester: theme too similar to Syntax Sniper (dark terminal), insufficient differentiation
3. `emojimatch` — Emoji Memory Match: memory games already represented in the portfolio

The pipeline has been abandoned for this run and logged in `data/runs.json`. The next run will start fresh tomorrow (or manually triggered again).
/bin/bash: line 1: npm: command not found
Pipeline complete. Here's the run summary for **run_009**:

---

**Word Ladder Daily Puzzle** is live at **https://wordladder.builtbycrew.online**

- **Idea**: Daily puzzle — transform a 4-letter start word into the target word, one letter at a time, every step a real word
- **Theme**: Warm parchment — Scrabble-tile aesthetic, Playfair Display serif, terracotta/goldenrod accents
- **Category**: puzzle
- **GitHub**: https://github.com/BuiltByCrew/wordladder
- **Screenshot**: captured and stored
- **LinkedIn**: posted via Zapier
/bin/bash: line 1: npm: command not found
